#
# A fatal error has been detected by the Java Runtime Environment:
#
#  EXCEPTION_ACCESS_VIOLATION (0xc0000005) at pc=0x00007ffde6de3004, pid=22452, tid=23508
#
# JRE version: OpenJDK Runtime Environment (24.0+36) (build 24+36-3646)
# Java VM: OpenJDK 64-Bit Server VM (24+36-3646, mixed mode, sharing, tiered, compressed oops, compressed class ptrs, g1 gc, windows-amd64)
# Problematic frame:
# C  [libasyncProfiler.dll+0x93004]
#
# No core dump will be written. Minidumps are not enabled by default on client versions of Windows
#
# If you would like to submit a bug report, please visit:
#   https://bugreport.java.com/bugreport/crash.jsp
# The crash happened outside the Java Virtual Machine in native code.
# See problematic frame for where to report the bug.
#

---------------  S U M M A R Y ------------

Command Line: -agentlib:jdwp=transport=dt_socket,address=127.0.0.1:58636,suspend=y,server=n -agentpath:C:\Users\javie\AppData\Local\Temp\idea_libasyncProfiler_dll_temp_folder9\libasyncProfiler.dll=version,jfr,event=wall,interval=10ms,cstack=no,file=C:\Users\javie\IdeaSnapshots\B_Bingo_2025_05_11_222029.jfr,dbghelppath=C:\Users\javie\AppData\Local\Temp\idea_dbghelp_dll_temp_folder\dbghelp.dll,log=C:\Users\javie\AppData\Local\Temp\B_Bingo_2025_05_11_222029.jfr.log.txt,logLevel=DEBUG -javaagent:C:\Users\javie\AppData\Local\JetBrains\IntelliJIdea2024.3\captureAgent\debugger-agent.jar -Dkotlinx.coroutines.debug.enable.creation.stack.trace=false -Ddebugger.agent.enable.coroutines=true -Dkotlinx.coroutines.debug.enable.flows.stack.trace=true -Dkotlinx.coroutines.debug.enable.mutable.state.flows.stack.trace=true -Dfile.encoding=UTF-8 -Dsun.stdout.encoding=UTF-8 -Dsun.stderr.encoding=UTF-8 B_Bingo

Host: 11th Gen Intel(R) Core(TM) i5-11400H @ 2.70GHz, 12 cores, 15G,  Windows 11 , 64 bit Build 26100 (10.0.26100.3775)
Time: Sun May 11 22:23:01 2025 Hora de verano romance elapsed time: 151.838164 seconds (0d 0h 2m 31s)

---------------  T H R E A D  ---------------

Current thread (0x00000214c1132440):  JavaThread "Attach Listener" daemon [_thread_in_native, id=23508, stack(0x0000004001000000,0x0000004001100000) (1024K)]

Stack: [0x0000004001000000,0x0000004001100000],  sp=0x00000040010fecb0,  free space=1019k
Native frames: (J=compiled Java code, j=interpreted, Vv=VM code, C=native code)
C  [libasyncProfiler.dll+0x93004]  (no source info available)
C  [libasyncProfiler.dll+0x934db]  (no source info available)
C  [libasyncProfiler.dll+0x92134]  (no source info available)
C  [libasyncProfiler.dll+0x929aa]  (no source info available)
C  [libasyncProfiler.dll+0x8d561]  (no source info available)
C  [libasyncProfiler.dll+0x7ef21]  (no source info available)
C  [libasyncProfiler.dll+0x7dc38]  (no source info available)
C  [libasyncProfiler.dll+0x7db20]  (no source info available)
C  [libasyncProfiler.dll+0x84af9]  (no source info available)
V  [jvm.dll+0x57f1b7]  (no source info available)
V  [jvm.dll+0x57ff2c]  (no source info available)
V  [jvm.dll+0x14c9b7]  (no source info available)
V  [jvm.dll+0x14df81]  (no source info available)
V  [jvm.dll+0x42f566]  (no source info available)
V  [jvm.dll+0x87d8fb]  (no source info available)
V  [jvm.dll+0x72efe5]  (no source info available)
C  [ucrtbase.dll+0x37b0]  (no source info available)
C  [KERNEL32.DLL+0x2e8d7]  (no source info available)
C  [ntdll.dll+0xb14fc]  (no source info available)


siginfo: EXCEPTION_ACCESS_VIOLATION (0xc0000005), reading address 0xffffffffffffffff


Registers:
RAX=0x0000000000000010, RBX=0x0000000000000000, RCX=0xffffffffffffffff, RDX=0x007ffdd9732ff010
RSP=0x00000040010fecb0, RBP=0x00000214c112fab8, RSI=0x00000040010fee20, RDI=0x00000214c112fab8
R8 =0x0000000000000042, R9 =0x0000000713e01ee8, R10=0x00007ffdd99a9fc0, R11=0x000000000000122a
R12=0x00000040010fee20, R13=0x00000214d52dc520, R14=0x00000214c1132808, R15=0x00000214c1132808
RIP=0x00007ffde6de3004, EFLAGS=0x0000000000010202

XMM[0]=0x0000000000000000 0x0000000000000000
XMM[1]=0x0000000000000000 0x0000000000000000
XMM[2]=0x0000000000000000 0x0000000000000000
XMM[3]=0x0000000000000000 0x0000000000000000
XMM[4]=0x0000000000000000 0x0000000000000000
XMM[5]=0x0000000000000000 0x0000000000000000
XMM[6]=0x0000000000000000 0x0000000000000000
XMM[7]=0x0000000000000000 0x0000000000000000
XMM[8]=0x0000000000000000 0x0000000000000000
XMM[9]=0x0000000000000000 0x0000000000000000
XMM[10]=0x0000000000000000 0x0000000000000000
XMM[11]=0x0000000000000000 0x0000000000000000
XMM[12]=0x0000000000000000 0x0000000000000000
XMM[13]=0x0000000000000000 0x0000000000000000
XMM[14]=0x0000000000000000 0x0000000000000000
XMM[15]=0x0000000000000000 0x0000000000000000
  MXCSR=0x00001fa0


Register to memory mapping:

RAX=0x0000000000000010 is an unknown value
RBX=0x0 is null
RCX=0xffffffffffffffff is an unknown value
RDX=0x007ffdd9732ff010 is an unknown value
RSP=0x00000040010fecb0 is pointing into the stack for thread: 0x00000214c1132440
RBP=0x00000214c112fab8 points into unknown readable memory: 0x0000000713e01ee8 | e8 1e e0 13 07 00 00 00
RSI=0x00000040010fee20 is pointing into the stack for thread: 0x00000214c1132440
RDI=0x00000214c112fab8 points into unknown readable memory: 0x0000000713e01ee8 | e8 1e e0 13 07 00 00 00
R8 =0x0000000000000042 is an unknown value
R9 =0x0000000713e01ee8 is an oop: java.lang.Thread 
{0x0000000713e01ee8} - klass: 'java/lang/Thread' - flags: 

 - ---- fields (total size 14 words):
 - 'threadLocalRandomProbe' 'I' @12  0 (0x00000000)
 - private volatile 'eetop' 'J' @16  2288530400288 (0x00000214d70aa420)
 - private final 'tid' 'J' @24  3 (0x0000000000000003)
 - 'threadLocalRandomSeed' 'J' @32  0 (0x0000000000000000)
 - injected 'jvmti_thread_state' 'J' @40  2288161899168 (0x00000214c113c2a0)
 - 'threadLocalRandomSecondarySeed' 'I' @48  0 (0x00000000)
 - injected 'jvmti_VTMS_transition_disable_count' 'I' @52  0 (0x00000000)
 - injected 'jfr_epoch' 'S' @56  0 (0x0000)
 - volatile 'interrupted' 'Z' @58  false (0x00)
 - injected 'jvmti_is_in_VTMS_transition' 'Z' @59  false (0x00)
 - private volatile 'name' 'Ljava/lang/String;' @60  "main"{0x0000000713e01f58} (0xe27c03eb)
 - private volatile 'contextClassLoader' 'Ljava/lang/ClassLoader;' @64  a 'jdk/internal/loader/ClassLoaders$AppClassLoader'{0x0000000713e16ae0} (0xe27c2d5c)
 - private final 'holder' 'Ljava/lang/Thread$FieldHolder;' @68  a 'java/lang/Thread$FieldHolder'{0x0000000713e01f98} (0xe27c03f3)
 - 'threadLocals' 'Ljava/lang/ThreadLocal$ThreadLocalMap;' @72  a 'java/lang/ThreadLocal$ThreadLocalMap'{0x000000071382ff00} (0xe2705fe0)
 - 'inheritableThreadLocals' 'Ljava/lang/ThreadLocal$ThreadLocalMap;' @76  null (0x00000000)
 - private 'scopedValueBindings' 'Ljava/lang/Object;' @80  a 'java/lang/Class'{0x00000007ffe7c280} = 'java/lang/Thread' (0xfffcf850)
 - final 'interruptLock' 'Ljava/lang/Object;' @84  a 'java/lang/Object'{0x0000000713e01f88} (0xe27c03f1)
 - private volatile 'parkBlocker' 'Ljava/lang/Object;' @88  null (0x00000000)
 - private 'nioBlocker' 'Lsun/nio/ch/Interruptible;' @92  null (0x00000000)
 - private 'cont' 'Ljdk/internal/vm/Continuation;' @96  null (0x00000000)
 - private volatile 'uncaughtExceptionHandler' 'Ljava/lang/Thread$UncaughtExceptionHandler;' @100  null (0x00000000)
 - private 'container' 'Ljdk/internal/vm/ThreadContainer;' @104  null (0x00000000)
 - private volatile 'headStackableScopes' 'Ljdk/internal/vm/StackableScope;' @108  null (0x00000000)
R10=0x00007ffdd99a9fc0 jvm.dll
R11=0x000000000000122a is an unknown value
R12=0x00000040010fee20 is pointing into the stack for thread: 0x00000214c1132440
R13=0x00000214d52dc520 points into unknown readable memory: 0x00007ffdd991a510 | 10 a5 91 d9 fd 7f 00 00
R14=0x00000214c1132808 points into unknown readable memory: 0x00007ffdd99117b0 | b0 17 91 d9 fd 7f 00 00
R15=0x00000214c1132808 points into unknown readable memory: 0x00007ffdd99117b0 | b0 17 91 d9 fd 7f 00 00

Top of Stack: (sp=0x00000040010fecb0)
0x00000040010fecb0:   00000040010fee20 00000214c112fab8    ...@...........
0x00000040010fecc0:   0000000000000000 00000214c1132b90   .........+......
0x00000040010fecd0:   0000000000000016 00007ffde6de34db   .........4......
0x00000040010fece0:   0000000000000000 00000214c1132808   .........(......
0x00000040010fecf0:   00000040010fee01 0000000000000000   ....@...........
0x00000040010fed00:   00000214d70bbb10 00007ffde6de2134   ........4!......
0x00000040010fed10:   0000000000000000 0000000000000016   ................
0x00000040010fed20:   0000000000000000 0000000000000016   ................
0x00000040010fed30:   0000000ad74f2c88 00000214c126fc30   .,O.....0.&.....
0x00000040010fed40:   00000214d70bbb10 00000214d70bbb68   ........h.......
0x00000040010fed50:   00000214d70bbb80 00000214000066cc   .........f......
0x00000040010fed60:   0000000000000000 0000000000000000   ................
0x00000040010fed70:   0000000000000000 00007ffdd91758e4   .........X......
0x00000040010fed80:   00007ffde6f3ae00 00000000000057b4   .........W......
0x00000040010fed90:   00007ffde6f3ae00 00000000ffffffff   ................
0x00000040010feda0:   0000000000000000 00007ffde6de29aa   .........)......
0x00000040010fedb0:   00000214c1132808 0000000000000000   .(..............
0x00000040010fedc0:   00000040010fee29 00000214d52dc520   )...@... .-.....
0x00000040010fedd0:   00007ffe00003bba 0000000000000000   .;..............
0x00000040010fede0:   0000000000000000 00007ffe9be9e1a9   ................
0x00000040010fedf0:   00000214c1132808 00007ffde6f3ae00   .(..............
0x00000040010fee00:   0000000000000000 00007ffde6e7bc53   ........S.......
0x00000040010fee10:   0000000000000000 00000214c1132808   .........(......
0x00000040010fee20:   00000214c14aa290 00000214c14aa550   ..J.....P.J.....
0x00000040010fee30:   00000214c14aa550 00007ffde6f3ae00   P.J.............
0x00000040010fee40:   00000214d74f2c88 00000040010fefb8   .,O.........@...
0x00000040010fee50:   00000040010ff0f0 0000000000008840   ....@...@.......
0x00000040010fee60:   00000040010ff2d0 00007ffde6f3ae50   ....@...P.......
0x00000040010fee70:   0000000000989680 0000000000989680   ................
0x00000040010fee80:   00000040010fef90 00007ffde6ddd561   ....@...a.......
0x00000040010fee90:   00007ffde6f3ae00 00007ffde6f3ae58   ........X.......
0x00000040010feea0:   00007ffd00000000 003eea9300000001   ..............>.

Instructions: (pc=0x00007ffde6de3004)
  0x00007ffde6de2f04:   cc cc cc cc cc cc cc cc cc cc cc cc cc cc cc cc
  0x00007ffde6de2f14:   cc cc cc cc cc cc cc cc cc cc cc cc cc cc cc cc
  0x00007ffde6de2f24:   cc cc cc cc cc cc cc cc cc cc cc cc cc cc cc cc
  0x00007ffde6de2f34:   cc cc cc cc cc cc cc cc cc cc cc cc cc cc cc cc
  0x00007ffde6de2f44:   cc cc cc cc cc cc cc cc cc cc cc cc cc cc cc cc
  0x00007ffde6de2f54:   cc cc cc cc cc cc cc cc cc cc cc cc cc cc cc cc
  0x00007ffde6de2f64:   cc cc cc cc cc cc cc cc cc cc cc cc cc cc cc cc
  0x00007ffde6de2f74:   cc cc cc cc cc cc cc cc cc cc cc cc cc cc cc cc
  0x00007ffde6de2f84:   cc cc cc cc cc cc cc cc cc cc cc cc 40 57 48 83
  0x00007ffde6de2f94:   ec 20 48 8b f9 48 8b 0d 30 80 15 00 48 85 c9 74
  0x00007ffde6de2fa4:   20 48 8b 01 48 8d 54 24 38 41 b8 06 00 01 00 4c
  0x00007ffde6de2fb4:   8b 48 30 41 ff d1 85 c0 75 07 48 8b 4c 24 38 eb
  0x00007ffde6de2fc4:   02 33 c9 4c 8b 05 0a 81 15 00 48 89 5c 24 30 4d
  0x00007ffde6de2fd4:   85 c0 74 4a 48 8b 01 48 8b d7 4c 8b 88 28 03 00
  0x00007ffde6de2fe4:   00 41 ff d1 48 85 c0 74 35 48 63 0d b8 3d 15 00
  0x00007ffde6de2ff4:   48 8b 14 01 48 85 d2 74 15 48 63 05 bc 3d 15 00
=>0x00007ffde6de3004:   8b 04 10 48 8b 5c 24 30 48 83 c4 20 5f c3 b8 ff
  0x00007ffde6de3014:   ff ff ff 48 8b 5c 24 30 48 83 c4 20 5f c3 80 3d
  0x00007ffde6de3024:   bb 7f 15 00 00 bb ff ff ff ff 74 20 4c 8b 0d 51
  0x00007ffde6de3034:   7c 15 00 4c 8d 44 24 38 48 8b 0d 35 7c 15 00 48
  0x00007ffde6de3044:   8b d7 41 ff d1 85 c0 0f 44 5c 24 38 8b c3 48 8b
  0x00007ffde6de3054:   5c 24 30 48 83 c4 20 5f c3 cc cc cc cc cc cc cc
  0x00007ffde6de3064:   cc cc cc cc cc cc cc cc cc cc cc cc cc cc cc cc
  0x00007ffde6de3074:   cc cc cc cc cc cc cc cc cc cc cc cc cc cc cc cc
  0x00007ffde6de3084:   cc cc cc cc cc cc cc cc cc cc cc cc 48 89 54 24
  0x00007ffde6de3094:   10 53 55 56 57 41 56 41 57 48 83 ec 28 48 8b f2
  0x00007ffde6de30a4:   4c 8b f1 48 89 4c 24 78 45 33 ff 44 89 7c 24 68
  0x00007ffde6de30b4:   c7 44 24 60 01 00 00 00 48 8d 4c 24 68 e8 69 3c
  0x00007ffde6de30c4:   f7 ff 8b d8 48 8d 4c 24 60 e8 5d 3c f7 ff 8b e8
  0x00007ffde6de30d4:   49 8b ce e8 33 f3 f6 ff 48 8b f8 90 8b c3 f0 0f
  0x00007ffde6de30e4:   b1 2f 74 04 f3 90 eb f4 4c 89 3e 4c 89 7e 08 4c
  0x00007ffde6de30f4:   89 7e 10 49 8b 6e 08 4d 8b 76 10 49 3b ee 0f 84


Stack slot to memory mapping:

stack at sp + 0 slots: 0x00000040010fee20 is pointing into the stack for thread: 0x00000214c1132440
stack at sp + 1 slots: 0x00000214c112fab8 points into unknown readable memory: 0x0000000713e01ee8 | e8 1e e0 13 07 00 00 00
stack at sp + 2 slots: 0x0 is null
stack at sp + 3 slots: 0x00000214c1132b90 points into unknown readable memory: 0x6e616c2e6176616a | 6a 61 76 61 2e 6c 61 6e
stack at sp + 4 slots: 0x0000000000000016 is an unknown value
stack at sp + 5 slots: 0x00007ffde6de34db libasyncProfiler.dll
stack at sp + 6 slots: 0x0 is null
stack at sp + 7 slots: 0x00000214c1132808 points into unknown readable memory: 0x00007ffdd99117b0 | b0 17 91 d9 fd 7f 00 00

Lock stack of current Java thread (top to bottom):


---------------  P R O C E S S  ---------------

Threads class SMR info:
_java_thread_list=0x00000214c1630db0, length=14, elements={
0x00000214d70aa420, 0x00000214c11247f0, 0x00000214c1124f30, 0x00000214c112e540,
0x00000214c1132440, 0x00000214c1130390, 0x00000214c11314f0, 0x00000214c11344d0,
0x00000214c113b530, 0x00000214c122ebc0, 0x00000214c13a4500, 0x00000214c13a9a30,
0x00000214c13ed930, 0x00000214c14c8120
}

Java Threads: ( => current thread )
  0x00000214d70aa420 JavaThread "main"                              [_thread_blocked, id=10476, stack(0x0000004000500000,0x0000004000600000) (1024K)]
  0x00000214c11247f0 JavaThread "Reference Handler"          daemon [_thread_blocked, id=21224, stack(0x0000004000d00000,0x0000004000e00000) (1024K)]
  0x00000214c1124f30 JavaThread "Finalizer"                  daemon [_thread_blocked, id=24168, stack(0x0000004000e00000,0x0000004000f00000) (1024K)]
  0x00000214c112e540 JavaThread "Signal Dispatcher"          daemon [_thread_blocked, id=14556, stack(0x0000004000f00000,0x0000004001000000) (1024K)]
=>0x00000214c1132440 JavaThread "Attach Listener"            daemon [_thread_in_native, id=23508, stack(0x0000004001000000,0x0000004001100000) (1024K)]
  0x00000214c1130390 JavaThread "Service Thread"             daemon [_thread_blocked, id=13352, stack(0x0000004001100000,0x0000004001200000) (1024K)]
  0x00000214c11314f0 JavaThread "Monitor Deflation Thread"   daemon [_thread_blocked, id=24256, stack(0x0000004001200000,0x0000004001300000) (1024K)]
  0x00000214c11344d0 JavaThread "C2 CompilerThread0"         daemon [_thread_blocked, id=10932, stack(0x0000004001300000,0x0000004001400000) (1024K)]
  0x00000214c113b530 JavaThread "C1 CompilerThread0"         daemon [_thread_blocked, id=19548, stack(0x0000004001400000,0x0000004001500000) (1024K)]
  0x00000214c122ebc0 JavaThread "Common-Cleaner"             daemon [_thread_blocked, id=11676, stack(0x0000004001500000,0x0000004001600000) (1024K)]
  0x00000214c13a4500 JavaThread "JDWP Transport Listener: dt_socket" daemon [_thread_blocked, id=26564, stack(0x0000004001700000,0x0000004001800000) (1024K)]
  0x00000214c13a9a30 JavaThread "JDWP Event Helper Thread"   daemon [_thread_blocked, id=22416, stack(0x0000004001800000,0x0000004001900000) (1024K)]
  0x00000214c13ed930 JavaThread "JDWP Command Reader"        daemon [_thread_in_native, id=27480, stack(0x0000004001900000,0x0000004001a00000) (1024K)]
  0x00000214c14c8120 JavaThread "Notification Thread"        daemon [_thread_blocked, id=26316, stack(0x0000004001a00000,0x0000004001b00000) (1024K)]
Total: 14

Other Threads:
  0x00000214d7255cf0 VMThread "VM Thread"                           [id=26320, stack(0x0000004000c00000,0x0000004000d00000) (1024K)]
  0x00000214c111cc10 WatcherThread "VM Periodic Task Thread"        [id=23948, stack(0x0000004000b00000,0x0000004000c00000) (1024K)]
  0x00000214d711ec10 WorkerThread "GC Thread#0"                     [id=11836, stack(0x0000004000600000,0x0000004000700000) (1024K)]
  0x00000214d759e9b0 ConcurrentGCThread "G1 Main Marker"            [id=14848, stack(0x0000004000700000,0x0000004000800000) (1024K)]
  0x00000214d716dd20 WorkerThread "G1 Conc#0"                       [id=20284, stack(0x0000004000800000,0x0000004000900000) (1024K)]
  0x00000214d72120b0 ConcurrentGCThread "G1 Refine#0"               [id=6036, stack(0x0000004000900000,0x0000004000a00000) (1024K)]
  0x00000214d7212c30 ConcurrentGCThread "G1 Service"                [id=8248, stack(0x0000004000a00000,0x0000004000b00000) (1024K)]
Total: 7

Threads with active compile tasks:
Total: 0

VM state: not at safepoint (normal execution)

VM Mutex/Monitor currently owned by a thread: None

Heap address: 0x0000000704400000, size: 4028 MB, Compressed Oops mode: Zero based, Oop shift amount: 3

CDS archive(s) mapped at: [0x0000021480000000-0x0000021480d40000-0x0000021480d40000), size 13893632, SharedBaseAddress: 0x0000021480000000, ArchiveRelocationMode: 1.
Compressed class space mapped at: 0x0000021481000000-0x00000214c1000000, reserved size: 1073741824
UseCompressedClassPointers 1, UseCompactObjectHeaders 0
Narrow klass pointer bits 32, Max shift 3
Narrow klass base: 0x0000021480000000, Narrow klass shift: 0
Encoding Range: [0x0000021480000000 - 0x0000021580000000), (4294967296 bytes)
Klass Range:    [0x0000021480000000 - 0x00000214c1000000), (1090519040 bytes)
Klass ID Range:  [8 - 1090519033) (1090519025)

GC Precious Log:
 CardTable entry size: 512
 Card Set container configuration: InlinePtr #cards 4 size 8 Array Of Cards #cards 16 size 48 Howl #buckets 8 coarsen threshold 3686 Howl Bitmap #cards 512 size 80 coarsen threshold 460 Card regions per heap region 1 cards per card region 4096
 CPUs: 12 total, 12 available
 Memory: 16106M
 Large Page Support: Disabled
 NUMA Support: Disabled
 Compressed Oops: Enabled (Zero based)
 Heap Region Size: 2M
 Heap Min Capacity: 8M
 Heap Initial Capacity: 252M
 Heap Max Capacity: 4028M
 Pre-touch: Disabled
 Parallel Workers: 10
 Concurrent Workers: 3
 Concurrent Refinement Workers: 10
 Periodic GC: Disabled

Heap:
 garbage-first heap   total reserved 4124672K, committed 260096K, used 7280K [0x0000000704400000, 0x0000000800000000)
  region size 2048K, 4 young (8192K), 0 survivors (0K)
 Metaspace       used 3176K, committed 3392K, reserved 1114112K
  class space    used 218K, committed 320K, reserved 1048576K

Heap Regions: E=young(eden), S=young(survivor), O=old, HS=humongous(starts), HC=humongous(continues), CS=collection set, F=free, TAMS=top-at-mark-start, PB=parsable bottom
|   0|0x0000000704400000, 0x0000000704400000, 0x0000000704600000|  0%| F|  |TAMS 0x0000000704400000| PB 0x0000000704400000| Untracked |  0
|   1|0x0000000704600000, 0x0000000704600000, 0x0000000704800000|  0%| F|  |TAMS 0x0000000704600000| PB 0x0000000704600000| Untracked |  0
|   2|0x0000000704800000, 0x0000000704800000, 0x0000000704a00000|  0%| F|  |TAMS 0x0000000704800000| PB 0x0000000704800000| Untracked |  0
|   3|0x0000000704a00000, 0x0000000704a00000, 0x0000000704c00000|  0%| F|  |TAMS 0x0000000704a00000| PB 0x0000000704a00000| Untracked |  0
|   4|0x0000000704c00000, 0x0000000704c00000, 0x0000000704e00000|  0%| F|  |TAMS 0x0000000704c00000| PB 0x0000000704c00000| Untracked |  0
|   5|0x0000000704e00000, 0x0000000704e00000, 0x0000000705000000|  0%| F|  |TAMS 0x0000000704e00000| PB 0x0000000704e00000| Untracked |  0
|   6|0x0000000705000000, 0x0000000705000000, 0x0000000705200000|  0%| F|  |TAMS 0x0000000705000000| PB 0x0000000705000000| Untracked |  0
|   7|0x0000000705200000, 0x0000000705200000, 0x0000000705400000|  0%| F|  |TAMS 0x0000000705200000| PB 0x0000000705200000| Untracked |  0
|   8|0x0000000705400000, 0x0000000705400000, 0x0000000705600000|  0%| F|  |TAMS 0x0000000705400000| PB 0x0000000705400000| Untracked |  0
|   9|0x0000000705600000, 0x0000000705600000, 0x0000000705800000|  0%| F|  |TAMS 0x0000000705600000| PB 0x0000000705600000| Untracked |  0
|  10|0x0000000705800000, 0x0000000705800000, 0x0000000705a00000|  0%| F|  |TAMS 0x0000000705800000| PB 0x0000000705800000| Untracked |  0
|  11|0x0000000705a00000, 0x0000000705a00000, 0x0000000705c00000|  0%| F|  |TAMS 0x0000000705a00000| PB 0x0000000705a00000| Untracked |  0
|  12|0x0000000705c00000, 0x0000000705c00000, 0x0000000705e00000|  0%| F|  |TAMS 0x0000000705c00000| PB 0x0000000705c00000| Untracked |  0
|  13|0x0000000705e00000, 0x0000000705e00000, 0x0000000706000000|  0%| F|  |TAMS 0x0000000705e00000| PB 0x0000000705e00000| Untracked |  0
|  14|0x0000000706000000, 0x0000000706000000, 0x0000000706200000|  0%| F|  |TAMS 0x0000000706000000| PB 0x0000000706000000| Untracked |  0
|  15|0x0000000706200000, 0x0000000706200000, 0x0000000706400000|  0%| F|  |TAMS 0x0000000706200000| PB 0x0000000706200000| Untracked |  0
|  16|0x0000000706400000, 0x0000000706400000, 0x0000000706600000|  0%| F|  |TAMS 0x0000000706400000| PB 0x0000000706400000| Untracked |  0
|  17|0x0000000706600000, 0x0000000706600000, 0x0000000706800000|  0%| F|  |TAMS 0x0000000706600000| PB 0x0000000706600000| Untracked |  0
|  18|0x0000000706800000, 0x0000000706800000, 0x0000000706a00000|  0%| F|  |TAMS 0x0000000706800000| PB 0x0000000706800000| Untracked |  0
|  19|0x0000000706a00000, 0x0000000706a00000, 0x0000000706c00000|  0%| F|  |TAMS 0x0000000706a00000| PB 0x0000000706a00000| Untracked |  0
|  20|0x0000000706c00000, 0x0000000706c00000, 0x0000000706e00000|  0%| F|  |TAMS 0x0000000706c00000| PB 0x0000000706c00000| Untracked |  0
|  21|0x0000000706e00000, 0x0000000706e00000, 0x0000000707000000|  0%| F|  |TAMS 0x0000000706e00000| PB 0x0000000706e00000| Untracked |  0
|  22|0x0000000707000000, 0x0000000707000000, 0x0000000707200000|  0%| F|  |TAMS 0x0000000707000000| PB 0x0000000707000000| Untracked |  0
|  23|0x0000000707200000, 0x0000000707200000, 0x0000000707400000|  0%| F|  |TAMS 0x0000000707200000| PB 0x0000000707200000| Untracked |  0
|  24|0x0000000707400000, 0x0000000707400000, 0x0000000707600000|  0%| F|  |TAMS 0x0000000707400000| PB 0x0000000707400000| Untracked |  0
|  25|0x0000000707600000, 0x0000000707600000, 0x0000000707800000|  0%| F|  |TAMS 0x0000000707600000| PB 0x0000000707600000| Untracked |  0
|  26|0x0000000707800000, 0x0000000707800000, 0x0000000707a00000|  0%| F|  |TAMS 0x0000000707800000| PB 0x0000000707800000| Untracked |  0
|  27|0x0000000707a00000, 0x0000000707a00000, 0x0000000707c00000|  0%| F|  |TAMS 0x0000000707a00000| PB 0x0000000707a00000| Untracked |  0
|  28|0x0000000707c00000, 0x0000000707c00000, 0x0000000707e00000|  0%| F|  |TAMS 0x0000000707c00000| PB 0x0000000707c00000| Untracked |  0
|  29|0x0000000707e00000, 0x0000000707e00000, 0x0000000708000000|  0%| F|  |TAMS 0x0000000707e00000| PB 0x0000000707e00000| Untracked |  0
|  30|0x0000000708000000, 0x0000000708000000, 0x0000000708200000|  0%| F|  |TAMS 0x0000000708000000| PB 0x0000000708000000| Untracked |  0
|  31|0x0000000708200000, 0x0000000708200000, 0x0000000708400000|  0%| F|  |TAMS 0x0000000708200000| PB 0x0000000708200000| Untracked |  0
|  32|0x0000000708400000, 0x0000000708400000, 0x0000000708600000|  0%| F|  |TAMS 0x0000000708400000| PB 0x0000000708400000| Untracked |  0
|  33|0x0000000708600000, 0x0000000708600000, 0x0000000708800000|  0%| F|  |TAMS 0x0000000708600000| PB 0x0000000708600000| Untracked |  0
|  34|0x0000000708800000, 0x0000000708800000, 0x0000000708a00000|  0%| F|  |TAMS 0x0000000708800000| PB 0x0000000708800000| Untracked |  0
|  35|0x0000000708a00000, 0x0000000708a00000, 0x0000000708c00000|  0%| F|  |TAMS 0x0000000708a00000| PB 0x0000000708a00000| Untracked |  0
|  36|0x0000000708c00000, 0x0000000708c00000, 0x0000000708e00000|  0%| F|  |TAMS 0x0000000708c00000| PB 0x0000000708c00000| Untracked |  0
|  37|0x0000000708e00000, 0x0000000708e00000, 0x0000000709000000|  0%| F|  |TAMS 0x0000000708e00000| PB 0x0000000708e00000| Untracked |  0
|  38|0x0000000709000000, 0x0000000709000000, 0x0000000709200000|  0%| F|  |TAMS 0x0000000709000000| PB 0x0000000709000000| Untracked |  0
|  39|0x0000000709200000, 0x0000000709200000, 0x0000000709400000|  0%| F|  |TAMS 0x0000000709200000| PB 0x0000000709200000| Untracked |  0
|  40|0x0000000709400000, 0x0000000709400000, 0x0000000709600000|  0%| F|  |TAMS 0x0000000709400000| PB 0x0000000709400000| Untracked |  0
|  41|0x0000000709600000, 0x0000000709600000, 0x0000000709800000|  0%| F|  |TAMS 0x0000000709600000| PB 0x0000000709600000| Untracked |  0
|  42|0x0000000709800000, 0x0000000709800000, 0x0000000709a00000|  0%| F|  |TAMS 0x0000000709800000| PB 0x0000000709800000| Untracked |  0
|  43|0x0000000709a00000, 0x0000000709a00000, 0x0000000709c00000|  0%| F|  |TAMS 0x0000000709a00000| PB 0x0000000709a00000| Untracked |  0
|  44|0x0000000709c00000, 0x0000000709c00000, 0x0000000709e00000|  0%| F|  |TAMS 0x0000000709c00000| PB 0x0000000709c00000| Untracked |  0
|  45|0x0000000709e00000, 0x0000000709e00000, 0x000000070a000000|  0%| F|  |TAMS 0x0000000709e00000| PB 0x0000000709e00000| Untracked |  0
|  46|0x000000070a000000, 0x000000070a000000, 0x000000070a200000|  0%| F|  |TAMS 0x000000070a000000| PB 0x000000070a000000| Untracked |  0
|  47|0x000000070a200000, 0x000000070a200000, 0x000000070a400000|  0%| F|  |TAMS 0x000000070a200000| PB 0x000000070a200000| Untracked |  0
|  48|0x000000070a400000, 0x000000070a400000, 0x000000070a600000|  0%| F|  |TAMS 0x000000070a400000| PB 0x000000070a400000| Untracked |  0
|  49|0x000000070a600000, 0x000000070a600000, 0x000000070a800000|  0%| F|  |TAMS 0x000000070a600000| PB 0x000000070a600000| Untracked |  0
|  50|0x000000070a800000, 0x000000070a800000, 0x000000070aa00000|  0%| F|  |TAMS 0x000000070a800000| PB 0x000000070a800000| Untracked |  0
|  51|0x000000070aa00000, 0x000000070aa00000, 0x000000070ac00000|  0%| F|  |TAMS 0x000000070aa00000| PB 0x000000070aa00000| Untracked |  0
|  52|0x000000070ac00000, 0x000000070ac00000, 0x000000070ae00000|  0%| F|  |TAMS 0x000000070ac00000| PB 0x000000070ac00000| Untracked |  0
|  53|0x000000070ae00000, 0x000000070ae00000, 0x000000070b000000|  0%| F|  |TAMS 0x000000070ae00000| PB 0x000000070ae00000| Untracked |  0
|  54|0x000000070b000000, 0x000000070b000000, 0x000000070b200000|  0%| F|  |TAMS 0x000000070b000000| PB 0x000000070b000000| Untracked |  0
|  55|0x000000070b200000, 0x000000070b200000, 0x000000070b400000|  0%| F|  |TAMS 0x000000070b200000| PB 0x000000070b200000| Untracked |  0
|  56|0x000000070b400000, 0x000000070b400000, 0x000000070b600000|  0%| F|  |TAMS 0x000000070b400000| PB 0x000000070b400000| Untracked |  0
|  57|0x000000070b600000, 0x000000070b600000, 0x000000070b800000|  0%| F|  |TAMS 0x000000070b600000| PB 0x000000070b600000| Untracked |  0
|  58|0x000000070b800000, 0x000000070b800000, 0x000000070ba00000|  0%| F|  |TAMS 0x000000070b800000| PB 0x000000070b800000| Untracked |  0
|  59|0x000000070ba00000, 0x000000070ba00000, 0x000000070bc00000|  0%| F|  |TAMS 0x000000070ba00000| PB 0x000000070ba00000| Untracked |  0
|  60|0x000000070bc00000, 0x000000070bc00000, 0x000000070be00000|  0%| F|  |TAMS 0x000000070bc00000| PB 0x000000070bc00000| Untracked |  0
|  61|0x000000070be00000, 0x000000070be00000, 0x000000070c000000|  0%| F|  |TAMS 0x000000070be00000| PB 0x000000070be00000| Untracked |  0
|  62|0x000000070c000000, 0x000000070c000000, 0x000000070c200000|  0%| F|  |TAMS 0x000000070c000000| PB 0x000000070c000000| Untracked |  0
|  63|0x000000070c200000, 0x000000070c200000, 0x000000070c400000|  0%| F|  |TAMS 0x000000070c200000| PB 0x000000070c200000| Untracked |  0
|  64|0x000000070c400000, 0x000000070c400000, 0x000000070c600000|  0%| F|  |TAMS 0x000000070c400000| PB 0x000000070c400000| Untracked |  0
|  65|0x000000070c600000, 0x000000070c600000, 0x000000070c800000|  0%| F|  |TAMS 0x000000070c600000| PB 0x000000070c600000| Untracked |  0
|  66|0x000000070c800000, 0x000000070c800000, 0x000000070ca00000|  0%| F|  |TAMS 0x000000070c800000| PB 0x000000070c800000| Untracked |  0
|  67|0x000000070ca00000, 0x000000070ca00000, 0x000000070cc00000|  0%| F|  |TAMS 0x000000070ca00000| PB 0x000000070ca00000| Untracked |  0
|  68|0x000000070cc00000, 0x000000070cc00000, 0x000000070ce00000|  0%| F|  |TAMS 0x000000070cc00000| PB 0x000000070cc00000| Untracked |  0
|  69|0x000000070ce00000, 0x000000070ce00000, 0x000000070d000000|  0%| F|  |TAMS 0x000000070ce00000| PB 0x000000070ce00000| Untracked |  0
|  70|0x000000070d000000, 0x000000070d000000, 0x000000070d200000|  0%| F|  |TAMS 0x000000070d000000| PB 0x000000070d000000| Untracked |  0
|  71|0x000000070d200000, 0x000000070d200000, 0x000000070d400000|  0%| F|  |TAMS 0x000000070d200000| PB 0x000000070d200000| Untracked |  0
|  72|0x000000070d400000, 0x000000070d400000, 0x000000070d600000|  0%| F|  |TAMS 0x000000070d400000| PB 0x000000070d400000| Untracked |  0
|  73|0x000000070d600000, 0x000000070d600000, 0x000000070d800000|  0%| F|  |TAMS 0x000000070d600000| PB 0x000000070d600000| Untracked |  0
|  74|0x000000070d800000, 0x000000070d800000, 0x000000070da00000|  0%| F|  |TAMS 0x000000070d800000| PB 0x000000070d800000| Untracked |  0
|  75|0x000000070da00000, 0x000000070da00000, 0x000000070dc00000|  0%| F|  |TAMS 0x000000070da00000| PB 0x000000070da00000| Untracked |  0
|  76|0x000000070dc00000, 0x000000070dc00000, 0x000000070de00000|  0%| F|  |TAMS 0x000000070dc00000| PB 0x000000070dc00000| Untracked |  0
|  77|0x000000070de00000, 0x000000070de00000, 0x000000070e000000|  0%| F|  |TAMS 0x000000070de00000| PB 0x000000070de00000| Untracked |  0
|  78|0x000000070e000000, 0x000000070e000000, 0x000000070e200000|  0%| F|  |TAMS 0x000000070e000000| PB 0x000000070e000000| Untracked |  0
|  79|0x000000070e200000, 0x000000070e200000, 0x000000070e400000|  0%| F|  |TAMS 0x000000070e200000| PB 0x000000070e200000| Untracked |  0
|  80|0x000000070e400000, 0x000000070e400000, 0x000000070e600000|  0%| F|  |TAMS 0x000000070e400000| PB 0x000000070e400000| Untracked |  0
|  81|0x000000070e600000, 0x000000070e600000, 0x000000070e800000|  0%| F|  |TAMS 0x000000070e600000| PB 0x000000070e600000| Untracked |  0
|  82|0x000000070e800000, 0x000000070e800000, 0x000000070ea00000|  0%| F|  |TAMS 0x000000070e800000| PB 0x000000070e800000| Untracked |  0
|  83|0x000000070ea00000, 0x000000070ea00000, 0x000000070ec00000|  0%| F|  |TAMS 0x000000070ea00000| PB 0x000000070ea00000| Untracked |  0
|  84|0x000000070ec00000, 0x000000070ec00000, 0x000000070ee00000|  0%| F|  |TAMS 0x000000070ec00000| PB 0x000000070ec00000| Untracked |  0
|  85|0x000000070ee00000, 0x000000070ee00000, 0x000000070f000000|  0%| F|  |TAMS 0x000000070ee00000| PB 0x000000070ee00000| Untracked |  0
|  86|0x000000070f000000, 0x000000070f000000, 0x000000070f200000|  0%| F|  |TAMS 0x000000070f000000| PB 0x000000070f000000| Untracked |  0
|  87|0x000000070f200000, 0x000000070f200000, 0x000000070f400000|  0%| F|  |TAMS 0x000000070f200000| PB 0x000000070f200000| Untracked |  0
|  88|0x000000070f400000, 0x000000070f400000, 0x000000070f600000|  0%| F|  |TAMS 0x000000070f400000| PB 0x000000070f400000| Untracked |  0
|  89|0x000000070f600000, 0x000000070f600000, 0x000000070f800000|  0%| F|  |TAMS 0x000000070f600000| PB 0x000000070f600000| Untracked |  0
|  90|0x000000070f800000, 0x000000070f800000, 0x000000070fa00000|  0%| F|  |TAMS 0x000000070f800000| PB 0x000000070f800000| Untracked |  0
|  91|0x000000070fa00000, 0x000000070fa00000, 0x000000070fc00000|  0%| F|  |TAMS 0x000000070fa00000| PB 0x000000070fa00000| Untracked |  0
|  92|0x000000070fc00000, 0x000000070fc00000, 0x000000070fe00000|  0%| F|  |TAMS 0x000000070fc00000| PB 0x000000070fc00000| Untracked |  0
|  93|0x000000070fe00000, 0x000000070fe00000, 0x0000000710000000|  0%| F|  |TAMS 0x000000070fe00000| PB 0x000000070fe00000| Untracked |  0
|  94|0x0000000710000000, 0x0000000710000000, 0x0000000710200000|  0%| F|  |TAMS 0x0000000710000000| PB 0x0000000710000000| Untracked |  0
|  95|0x0000000710200000, 0x0000000710200000, 0x0000000710400000|  0%| F|  |TAMS 0x0000000710200000| PB 0x0000000710200000| Untracked |  0
|  96|0x0000000710400000, 0x0000000710400000, 0x0000000710600000|  0%| F|  |TAMS 0x0000000710400000| PB 0x0000000710400000| Untracked |  0
|  97|0x0000000710600000, 0x0000000710600000, 0x0000000710800000|  0%| F|  |TAMS 0x0000000710600000| PB 0x0000000710600000| Untracked |  0
|  98|0x0000000710800000, 0x0000000710800000, 0x0000000710a00000|  0%| F|  |TAMS 0x0000000710800000| PB 0x0000000710800000| Untracked |  0
|  99|0x0000000710a00000, 0x0000000710a00000, 0x0000000710c00000|  0%| F|  |TAMS 0x0000000710a00000| PB 0x0000000710a00000| Untracked |  0
| 100|0x0000000710c00000, 0x0000000710c00000, 0x0000000710e00000|  0%| F|  |TAMS 0x0000000710c00000| PB 0x0000000710c00000| Untracked |  0
| 101|0x0000000710e00000, 0x0000000710e00000, 0x0000000711000000|  0%| F|  |TAMS 0x0000000710e00000| PB 0x0000000710e00000| Untracked |  0
| 102|0x0000000711000000, 0x0000000711000000, 0x0000000711200000|  0%| F|  |TAMS 0x0000000711000000| PB 0x0000000711000000| Untracked |  0
| 103|0x0000000711200000, 0x0000000711200000, 0x0000000711400000|  0%| F|  |TAMS 0x0000000711200000| PB 0x0000000711200000| Untracked |  0
| 104|0x0000000711400000, 0x0000000711400000, 0x0000000711600000|  0%| F|  |TAMS 0x0000000711400000| PB 0x0000000711400000| Untracked |  0
| 105|0x0000000711600000, 0x0000000711600000, 0x0000000711800000|  0%| F|  |TAMS 0x0000000711600000| PB 0x0000000711600000| Untracked |  0
| 106|0x0000000711800000, 0x0000000711800000, 0x0000000711a00000|  0%| F|  |TAMS 0x0000000711800000| PB 0x0000000711800000| Untracked |  0
| 107|0x0000000711a00000, 0x0000000711a00000, 0x0000000711c00000|  0%| F|  |TAMS 0x0000000711a00000| PB 0x0000000711a00000| Untracked |  0
| 108|0x0000000711c00000, 0x0000000711c00000, 0x0000000711e00000|  0%| F|  |TAMS 0x0000000711c00000| PB 0x0000000711c00000| Untracked |  0
| 109|0x0000000711e00000, 0x0000000711e00000, 0x0000000712000000|  0%| F|  |TAMS 0x0000000711e00000| PB 0x0000000711e00000| Untracked |  0
| 110|0x0000000712000000, 0x0000000712000000, 0x0000000712200000|  0%| F|  |TAMS 0x0000000712000000| PB 0x0000000712000000| Untracked |  0
| 111|0x0000000712200000, 0x0000000712200000, 0x0000000712400000|  0%| F|  |TAMS 0x0000000712200000| PB 0x0000000712200000| Untracked |  0
| 112|0x0000000712400000, 0x0000000712400000, 0x0000000712600000|  0%| F|  |TAMS 0x0000000712400000| PB 0x0000000712400000| Untracked |  0
| 113|0x0000000712600000, 0x0000000712600000, 0x0000000712800000|  0%| F|  |TAMS 0x0000000712600000| PB 0x0000000712600000| Untracked |  0
| 114|0x0000000712800000, 0x0000000712800000, 0x0000000712a00000|  0%| F|  |TAMS 0x0000000712800000| PB 0x0000000712800000| Untracked |  0
| 115|0x0000000712a00000, 0x0000000712a00000, 0x0000000712c00000|  0%| F|  |TAMS 0x0000000712a00000| PB 0x0000000712a00000| Untracked |  0
| 116|0x0000000712c00000, 0x0000000712c00000, 0x0000000712e00000|  0%| F|  |TAMS 0x0000000712c00000| PB 0x0000000712c00000| Untracked |  0
| 117|0x0000000712e00000, 0x0000000712e00000, 0x0000000713000000|  0%| F|  |TAMS 0x0000000712e00000| PB 0x0000000712e00000| Untracked |  0
| 118|0x0000000713000000, 0x0000000713000000, 0x0000000713200000|  0%| F|  |TAMS 0x0000000713000000| PB 0x0000000713000000| Untracked |  0
| 119|0x0000000713200000, 0x0000000713200000, 0x0000000713400000|  0%| F|  |TAMS 0x0000000713200000| PB 0x0000000713200000| Untracked |  0
| 120|0x0000000713400000, 0x0000000713400000, 0x0000000713600000|  0%| F|  |TAMS 0x0000000713400000| PB 0x0000000713400000| Untracked |  0
| 121|0x0000000713600000, 0x0000000713600000, 0x0000000713800000|  0%| F|  |TAMS 0x0000000713600000| PB 0x0000000713600000| Untracked |  0
| 122|0x0000000713800000, 0x00000007139edcd8, 0x0000000713a00000| 96%| E|  |TAMS 0x0000000713800000| PB 0x0000000713800000| Complete |  0
| 123|0x0000000713a00000, 0x0000000713c00000, 0x0000000713c00000|100%| E|CS|TAMS 0x0000000713a00000| PB 0x0000000713a00000| Complete |  0
| 124|0x0000000713c00000, 0x0000000713e00000, 0x0000000713e00000|100%| E|CS|TAMS 0x0000000713c00000| PB 0x0000000713c00000| Complete |  0
| 125|0x0000000713e00000, 0x0000000714000000, 0x0000000714000000|100%| E|CS|TAMS 0x0000000713e00000| PB 0x0000000713e00000| Complete |  0
|2013|0x00000007ffe00000, 0x00000007fff1c348, 0x0000000800000000| 55%| O|  |TAMS 0x00000007ffe00000| PB 0x00000007ffe00000| Untracked |  0

Card table byte_map: [0x00000214f0800000,0x00000214f0fe0000] _byte_map_base: 0x00000214ecfde000

Marking Bits: (CMBitMap*) 0x00000214d711f320
 Bits: [0x00000214f0fe0000, 0x00000214f4ed0000)

Polling page: 0x00000214d6ca0000

Metaspace:

Usage:
  Non-class:      2.89 MB used.
      Class:    218.72 KB used.
       Both:      3.10 MB used.

Virtual space:
  Non-class space:       64.00 MB reserved,       3.00 MB (  5%) committed,  1 nodes.
      Class space:        1.00 GB reserved,     320.00 KB ( <1%) committed,  1 nodes.
             Both:        1.06 GB reserved,       3.31 MB ( <1%) committed. 

Chunk freelists:
   Non-Class:  11.92 MB
       Class:  15.73 MB
        Both:  27.66 MB

MaxMetaspaceSize: unlimited
CompressedClassSpaceSize: 1.00 GB
Initial GC threshold: 21.00 MB
Current GC threshold: 21.00 MB
CDS: on
 - commit_granule_bytes: 65536.
 - commit_granule_words: 8192.
 - virtual_space_node_default_size: 8388608.
 - enlarge_chunks_in_place: 1.
UseCompressedClassPointers 1, UseCompactObjectHeaders 0
Narrow klass pointer bits 32, Max shift 3
Narrow klass base: 0x0000021480000000, Narrow klass shift: 0
Encoding Range: [0x0000021480000000 - 0x0000021580000000), (4294967296 bytes)
Klass Range:    [0x0000021480000000 - 0x00000214c1000000), (1090519040 bytes)
Klass ID Range:  [8 - 1090519033) (1090519025)


Internal statistics:

num_allocs_failed_limit: 0.
num_arena_births: 24.
num_arena_deaths: 0.
num_vsnodes_births: 2.
num_vsnodes_deaths: 0.
num_space_committed: 53.
num_space_uncommitted: 0.
num_chunks_returned_to_freelist: 0.
num_chunks_taken_from_freelist: 30.
num_chunk_merges: 0.
num_chunk_splits: 19.
num_chunks_enlarged: 10.
num_inconsistent_stats: 0.

CodeHeap 'non-profiled nmethods': size=120064Kb used=114Kb max_used=114Kb free=119949Kb
 bounds [0x00000214e8040000, 0x00000214e82b0000, 0x00000214ef580000]
CodeHeap 'profiled nmethods': size=120000Kb used=449Kb max_used=449Kb free=119550Kb
 bounds [0x00000214e0580000, 0x00000214e07f0000, 0x00000214e7ab0000]
CodeHeap 'non-nmethods': size=5696Kb used=1415Kb max_used=1415Kb free=4280Kb
 bounds [0x00000214e7ab0000, 0x00000214e7d20000, 0x00000214e8040000]
CodeCache: size=245760Kb, used=1978Kb, max_used=1978Kb, free=243779Kb
 total_blobs=791, nmethods=371, adapters=326, full_count=0
Compilation: enabled, stopped_count=0, restarted_count=0

Compilation events (20 events):
Event: 10.778 Thread 0x00000214c113b530  363       3       jdk.internal.misc.Unsafe::toUnsignedInt (6 bytes)
Event: 10.778 Thread 0x00000214c113b530 nmethod 363 0x00000214e05ed888 code [0x00000214e05ed9a0, 0x00000214e05eda90]
Event: 10.778 Thread 0x00000214c113b530  365       3       java.util.zip.ZipUtils::get16 (41 bytes)
Event: 10.779 Thread 0x00000214c113b530 nmethod 365 0x00000214e05edb88 code [0x00000214e05edcc0, 0x00000214e05edf88]
Event: 10.779 Thread 0x00000214c113b530  366       3       jdk.internal.misc.Unsafe::getShortUnaligned (12 bytes)
Event: 10.779 Thread 0x00000214c113b530 nmethod 366 0x00000214e05ee008 code [0x00000214e05ee120, 0x00000214e05ee350]
Event: 10.779 Thread 0x00000214c113b530  367       3       jdk.internal.misc.Unsafe::getShortUnaligned (33 bytes)
Event: 10.779 Thread 0x00000214c113b530 nmethod 367 0x00000214e05ee388 code [0x00000214e05ee4c0, 0x00000214e05ee868]
Event: 10.779 Thread 0x00000214c113b530  361       3       com.intellij.rt.debugger.agent.CollectionBreakpointInstrumentor::access$1100 (4 bytes)
Event: 10.779 Thread 0x00000214c113b530 nmethod 361 0x00000214e05ee908 code [0x00000214e05eea20, 0x00000214e05eeb10]
Event: 10.782 Thread 0x00000214c113b530  368       3       java.lang.StringLatin1::lastIndexOf (40 bytes)
Event: 10.783 Thread 0x00000214c113b530 nmethod 368 0x00000214e05eec08 code [0x00000214e05eed60, 0x00000214e05ef130]
Event: 10.851 Thread 0x00000214c113b530  369       3       java.lang.StringUTF16::putChar (54 bytes)
Event: 10.851 Thread 0x00000214c113b530 nmethod 369 0x00000214e05ef188 code [0x00000214e05ef2a0, 0x00000214e05ef3f0]
Event: 13.297 Thread 0x00000214c113b530  370       3       java.lang.StringBuilder::toString (20 bytes)
Event: 13.297 Thread 0x00000214c113b530 nmethod 370 0x00000214e05ef488 code [0x00000214e05ef5c0, 0x00000214e05ef8c8]
Event: 14.092 Thread 0x00000214c113b530  371       3       java.lang.AbstractStringBuilder::<init> (39 bytes)
Event: 14.092 Thread 0x00000214c113b530 nmethod 371 0x00000214e05ef908 code [0x00000214e05efa20, 0x00000214e05efca8]
Event: 14.092 Thread 0x00000214c113b530  372       3       java.lang.String::<init> (98 bytes)
Event: 14.092 Thread 0x00000214c113b530 nmethod 372 0x00000214e05efd08 code [0x00000214e05efe80, 0x00000214e05f0570]

GC Heap History (0 events):
No events

Dll operation events (9 events):
Event: 0.046 Loaded shared library C:\Users\javie\.jdks\openjdk-24\bin\java.dll
Event: 0.048 Loaded shared library C:\Users\javie\.jdks\openjdk-24\bin\zip.dll
Event: 0.075 Loaded shared library C:\Users\javie\.jdks\openjdk-24\bin\jsvml.dll
Event: 0.139 Loaded shared library C:\Users\javie\.jdks\openjdk-24\bin\instrument.dll
Event: 0.256 Loaded shared library C:\Users\javie\.jdks\openjdk-24\bin\jimage.dll
Event: 10.775 Loaded shared library C:\Users\javie\.jdks\openjdk-24\bin\net.dll
Event: 10.776 Loaded shared library C:\Users\javie\.jdks\openjdk-24\bin\nio.dll
Event: 10.782 Loaded shared library C:\Users\javie\.jdks\openjdk-24\bin\zip.dll
Event: 151.798 Loaded shared library C:\Users\javie\AppData\Local\Temp\idea_libasyncProfiler_dll_temp_folder9\libasyncProfiler.dll

Deoptimization events (8 events):
Event: 0.165 Thread 0x00000214d70aa420 Uncommon trap: trap_request=0xffffff4d fr.pc=0x00000214e804a3d4 relative=0x00000000000000b4
Event: 0.165 Thread 0x00000214d70aa420 Uncommon trap: reason=unstable_if action=reinterpret pc=0x00000214e804a3d4 method=java.lang.String.hashCode()I @ 42 c2
Event: 0.165 Thread 0x00000214d70aa420 DEOPT PACKING pc=0x00000214e804a3d4 sp=0x00000040005fcd70
Event: 0.165 Thread 0x00000214d70aa420 DEOPT UNPACKING pc=0x00000214e7be8482 sp=0x00000040005fcd08 mode 2
Event: 0.186 Thread 0x00000214d70aa420 Uncommon trap: trap_request=0xffffff4d fr.pc=0x00000214e805509c relative=0x00000000000004bc
Event: 0.186 Thread 0x00000214d70aa420 Uncommon trap: reason=unstable_if action=reinterpret pc=0x00000214e805509c method=java.lang.StringLatin1.replace([BCC)Ljava/lang/String; @ 19 c2
Event: 0.186 Thread 0x00000214d70aa420 DEOPT PACKING pc=0x00000214e805509c sp=0x00000040005ff410
Event: 0.186 Thread 0x00000214d70aa420 DEOPT UNPACKING pc=0x00000214e7be8482 sp=0x00000040005ff390 mode 2

Classes loaded (20 events):
Event: 10.780 Loading class java/util/jar/JarFile$JarFileEntry
Event: 10.780 Loading class java/util/jar/JarFile$JarFileEntry done
Event: 10.780 Loading class jdk/internal/loader/URLClassPath$JarLoader$1
Event: 10.780 Loading class jdk/internal/loader/URLClassPath$JarLoader$1 done
Event: 10.781 Loading class java/lang/Package
Event: 10.781 Loading class java/lang/Package done
Event: 10.781 Loading class java/util/zip/CRC32
Event: 10.781 Loading class java/util/zip/CRC32 done
Event: 151.768 Loading class kotlinx/coroutines/debug/internal/DebugProbesImpl
Event: 151.768 Loading class kotlinx/coroutines/debug/internal/DebugProbesImpl done
Event: 151.776 Loading class com/intellij/rt/debugger/agent/CaptureStorage$4
Event: 151.776 Loading class com/intellij/rt/debugger/agent/CaptureStorage$4 done
Event: 151.777 Loading class com/intellij/rt/debugger/agent/CaptureStorage$9
Event: 151.777 Loading class com/intellij/rt/debugger/agent/CaptureStorage$Callable
Event: 151.777 Loading class com/intellij/rt/debugger/agent/CaptureStorage$Callable done
Event: 151.777 Loading class com/intellij/rt/debugger/agent/CaptureStorage$9 done
Event: 151.777 Loading class java/util/LinkedList
Event: 151.777 Loading class java/util/AbstractSequentialList
Event: 151.777 Loading class java/util/AbstractSequentialList done
Event: 151.777 Loading class java/util/LinkedList done

Classes unloaded (0 events):
No events

Classes redefined (1 events):
Event: 0.178 Thread 0x00000214d7255cf0 redefined class name=java.lang.Throwable, count=1

Internal exceptions (2 events):
Event: 0.141 Thread 0x00000214d70aa420 Exception <a 'java/lang/NoSuchMethodError'{0x0000000713d33080}: 'void java.lang.invoke.DirectMethodHandle$Holder.invokeStatic(java.lang.Object, java.lang.Object, java.lang.Object)'> (0x0000000713d33080) 
thrown [s\open\src\hotspot\share\interpreter\linkResolver.cpp, line 805]
Event: 0.152 Thread 0x00000214d70aa420 Exception <a 'java/lang/NoSuchMethodError'{0x0000000713d67c40}: 'java.lang.Object java.lang.invoke.Invokers$Holder.invokeExact_MT(java.lang.Object, java.lang.Object, java.lang.Object, java.lang.Object, java.lang.Object)'> (0x0000000713d67c40) 
thrown [s\open\src\hotspot\share\interpreter\linkResolver.cpp, line 805]

VM Operations (20 events):
Event: 151.802 Executing VM operation: get/set locals
Event: 151.802 Executing VM operation: get/set locals done
Event: 151.802 Executing VM operation: get/set locals
Event: 151.802 Executing VM operation: get/set locals done
Event: 151.802 Executing VM operation: get/set locals
Event: 151.802 Executing VM operation: get/set locals done
Event: 151.802 Executing VM operation: get/set locals
Event: 151.802 Executing VM operation: get/set locals done
Event: 151.802 Executing VM operation: get/set locals
Event: 151.802 Executing VM operation: get/set locals done
Event: 151.802 Executing VM operation: get/set locals
Event: 151.802 Executing VM operation: get/set locals done
Event: 151.802 Executing VM operation: get/set locals
Event: 151.802 Executing VM operation: get/set locals done
Event: 151.802 Executing VM operation: get/set locals
Event: 151.802 Executing VM operation: get/set locals done
Event: 151.802 Executing VM operation: get/set locals
Event: 151.802 Executing VM operation: get/set locals done
Event: 151.802 Executing VM operation: get/set locals
Event: 151.802 Executing VM operation: get/set locals done

Memory protections (0 events):
No events

Nmethod flushes (0 events):
No events

Events (16 events):
Event: 0.060 Thread 0x00000214d70aa420 Thread added: 0x00000214d70aa420
Event: 0.072 Thread 0x00000214d70aa420 Thread added: 0x00000214c11247f0
Event: 0.072 Thread 0x00000214d70aa420 Thread added: 0x00000214c1124f30
Event: 0.072 Thread 0x00000214d70aa420 Thread added: 0x00000214c112e540
Event: 0.072 Thread 0x00000214d70aa420 Thread added: 0x00000214c1132440
Event: 0.072 Thread 0x00000214d70aa420 Thread added: 0x00000214c1130390
Event: 0.072 Thread 0x00000214d70aa420 Thread added: 0x00000214c11314f0
Event: 0.072 Thread 0x00000214d70aa420 Thread added: 0x00000214c11344d0
Event: 0.072 Thread 0x00000214d70aa420 Thread added: 0x00000214c113b530
Event: 0.090 Thread 0x00000214d70aa420 Thread added: 0x00000214c122ebc0
Event: 0.106 Thread 0x00000214c113b530 Thread added: 0x00000214c1283fa0
Event: 0.115 Thread 0x00000214d70aa420 Thread added: 0x00000214c13a4500
Event: 0.115 Thread 0x00000214d70aa420 Thread added: 0x00000214c13a9a30
Event: 0.116 Thread 0x00000214c13a4500 Thread added: 0x00000214c13ed930
Event: 0.184 Thread 0x00000214d70aa420 Thread added: 0x00000214c14c8120
Event: 5.288 Thread 0x00000214c1283fa0 Thread exited: 0x00000214c1283fa0


Dynamic libraries:
0x00007ff627b60000 - 0x00007ff627b6e000 	C:\Users\javie\.jdks\openjdk-24\bin\java.exe
0x00007ffe9e9e0000 - 0x00007ffe9ec40000 	C:\WINDOWS\SYSTEM32\ntdll.dll
0x00007ffe9c920000 - 0x00007ffe9c9e7000 	C:\WINDOWS\System32\KERNEL32.DLL
0x00007ffe9bdf0000 - 0x00007ffe9c1ba000 	C:\WINDOWS\System32\KERNELBASE.dll
0x00007ffe9c5f0000 - 0x00007ffe9c73b000 	C:\WINDOWS\System32\ucrtbase.dll
0x00007ffe96b60000 - 0x00007ffe96b76000 	C:\Users\javie\.jdks\openjdk-24\bin\jli.dll
0x00007ffe96b80000 - 0x00007ffe96b9b000 	C:\Users\javie\.jdks\openjdk-24\bin\VCRUNTIME140.dll
0x00007ffe9e770000 - 0x00007ffe9e93c000 	C:\WINDOWS\System32\USER32.dll
0x00007ffe9c5c0000 - 0x00007ffe9c5e7000 	C:\WINDOWS\System32\win32u.dll
0x00007ffe7d6a0000 - 0x00007ffe7d937000 	C:\WINDOWS\WinSxS\amd64_microsoft.windows.common-controls_6595b64144ccf1df_6.0.26100.3624_none_3e086962e3345f24\COMCTL32.dll
0x00007ffe9e0a0000 - 0x00007ffe9e0ca000 	C:\WINDOWS\System32\GDI32.dll
0x00007ffe9c310000 - 0x00007ffe9c441000 	C:\WINDOWS\System32\gdi32full.dll
0x00007ffe9e4d0000 - 0x00007ffe9e579000 	C:\WINDOWS\System32\msvcrt.dll
0x00007ffe9bd40000 - 0x00007ffe9bde3000 	C:\WINDOWS\System32\msvcp_win.dll
0x00007ffe9e060000 - 0x00007ffe9e08f000 	C:\WINDOWS\System32\IMM32.DLL
0x00007ffe96b50000 - 0x00007ffe96b5c000 	C:\Users\javie\.jdks\openjdk-24\bin\vcruntime140_1.dll
0x00007ffe86700000 - 0x00007ffe8678e000 	C:\Users\javie\.jdks\openjdk-24\bin\msvcp140.dll
0x00007ffdd8ce0000 - 0x00007ffdd9a82000 	C:\Users\javie\.jdks\openjdk-24\bin\server\jvm.dll
0x00007ffe9c860000 - 0x00007ffe9c912000 	C:\WINDOWS\System32\ADVAPI32.dll
0x00007ffe9d7d0000 - 0x00007ffe9d876000 	C:\WINDOWS\System32\sechost.dll
0x00007ffe9e3b0000 - 0x00007ffe9e4c6000 	C:\WINDOWS\System32\RPCRT4.dll
0x00007ffe9e180000 - 0x00007ffe9e1f4000 	C:\WINDOWS\System32\WS2_32.dll
0x00007ffe9a7f0000 - 0x00007ffe9a84e000 	C:\WINDOWS\SYSTEM32\POWRPROF.dll
0x00007ffe8e230000 - 0x00007ffe8e266000 	C:\WINDOWS\SYSTEM32\WINMM.dll
0x00007ffe90040000 - 0x00007ffe9004b000 	C:\WINDOWS\SYSTEM32\VERSION.dll
0x00007ffe9a7d0000 - 0x00007ffe9a7e4000 	C:\WINDOWS\SYSTEM32\UMPDC.dll
0x00007ffe9aab0000 - 0x00007ffe9aaca000 	C:\WINDOWS\SYSTEM32\kernel.appcore.dll
0x00007ffe96b40000 - 0x00007ffe96b4a000 	C:\Users\javie\.jdks\openjdk-24\bin\jimage.dll
0x00007ffe98d80000 - 0x00007ffe98fc1000 	C:\WINDOWS\SYSTEM32\DBGHELP.DLL
0x00007ffe9cd10000 - 0x00007ffe9d092000 	C:\WINDOWS\System32\combase.dll
0x00007ffe9df80000 - 0x00007ffe9e056000 	C:\WINDOWS\System32\OLEAUT32.dll
0x00007ffe04cb0000 - 0x00007ffe04ce9000 	C:\WINDOWS\SYSTEM32\dbgcore.DLL
0x00007ffe9c740000 - 0x00007ffe9c7d9000 	C:\WINDOWS\System32\bcryptPrimitives.dll
0x00007ffe88020000 - 0x00007ffe8805c000 	C:\Users\javie\.jdks\openjdk-24\bin\jdwp.dll
0x00007ffde6d50000 - 0x00007ffde6f5e000 	C:\Users\javie\AppData\Local\Temp\idea_libasyncProfiler_dll_temp_folder9\libasyncProfiler.dll
0x00007ffe96a00000 - 0x00007ffe96a0f000 	C:\Users\javie\.jdks\openjdk-24\bin\instrument.dll
0x00007ffe96b20000 - 0x00007ffe96b3e000 	C:\Users\javie\.jdks\openjdk-24\bin\java.dll
0x00007ffe9dde0000 - 0x00007ffe9df76000 	C:\WINDOWS\System32\ole32.dll
0x00007ffe9d0a0000 - 0x00007ffe9d7c9000 	C:\WINDOWS\System32\SHELL32.dll
0x00007ffe9c450000 - 0x00007ffe9c5b8000 	C:\WINDOWS\System32\wintypes.dll
0x00007ffe968c0000 - 0x00007ffe968d7000 	C:\Users\javie\.jdks\openjdk-24\bin\zip.dll
0x00007ffe99840000 - 0x00007ffe9a092000 	C:\WINDOWS\SYSTEM32\windows.storage.dll
0x00007ffe9c9f0000 - 0x00007ffe9cadd000 	C:\WINDOWS\System32\SHCORE.dll
0x00007ffe9e200000 - 0x00007ffe9e264000 	C:\WINDOWS\System32\shlwapi.dll
0x00007ffe9bad0000 - 0x00007ffe9baff000 	C:\WINDOWS\SYSTEM32\profapi.dll
0x00007ffe48040000 - 0x00007ffe48117000 	C:\Users\javie\.jdks\openjdk-24\bin\jsvml.dll
0x00007ffe969d0000 - 0x00007ffe969dc000 	C:\Users\javie\.jdks\openjdk-24\bin\dt_socket.dll
0x00007ffe9a4e0000 - 0x00007ffe9a513000 	C:\WINDOWS\SYSTEM32\IPHLPAPI.DLL
0x00007ffe9afb0000 - 0x00007ffe9b01a000 	C:\WINDOWS\system32\mswsock.dll
0x00007ffe969e0000 - 0x00007ffe969f0000 	C:\Users\javie\.jdks\openjdk-24\bin\net.dll
0x00007ffe96930000 - 0x00007ffe96946000 	C:\Users\javie\.jdks\openjdk-24\bin\nio.dll

dbghelp: loaded successfully - version: 4.0.5 - missing functions: none
symbol engine: initialized successfully - sym options: 0x614 - pdb path: .;C:\Users\javie\.jdks\openjdk-24\bin;C:\WINDOWS\SYSTEM32;C:\WINDOWS\WinSxS\amd64_microsoft.windows.common-controls_6595b64144ccf1df_6.0.26100.3624_none_3e086962e3345f24;C:\Users\javie\.jdks\openjdk-24\bin\server;C:\Users\javie\AppData\Local\Temp\idea_libasyncProfiler_dll_temp_folder9

VM Arguments:
jvm_args: -agentlib:jdwp=transport=dt_socket,address=127.0.0.1:58636,suspend=y,server=n -agentpath:C:\Users\javie\AppData\Local\Temp\idea_libasyncProfiler_dll_temp_folder9\libasyncProfiler.dll=version,jfr,event=wall,interval=10ms,cstack=no,file=C:\Users\javie\IdeaSnapshots\B_Bingo_2025_05_11_222029.jfr,dbghelppath=C:\Users\javie\AppData\Local\Temp\idea_dbghelp_dll_temp_folder\dbghelp.dll,log=C:\Users\javie\AppData\Local\Temp\B_Bingo_2025_05_11_222029.jfr.log.txt,logLevel=DEBUG -javaagent:C:\Users\javie\AppData\Local\JetBrains\IntelliJIdea2024.3\captureAgent\debugger-agent.jar -Dkotlinx.coroutines.debug.enable.creation.stack.trace=false -Ddebugger.agent.enable.coroutines=true -Dkotlinx.coroutines.debug.enable.flows.stack.trace=true -Dkotlinx.coroutines.debug.enable.mutable.state.flows.stack.trace=true -Dfile.encoding=UTF-8 -Dsun.stdout.encoding=UTF-8 -Dsun.stderr.encoding=UTF-8 
java_command: B_Bingo
java_class_path (initial): C:\Users\javie\IdeaProjects\ProgramacionJava\UD3\out\production\UD3;C:\Program Files\JetBrains\IntelliJ IDEA 2024.3.5\lib\idea_rt.jar
Launcher Type: SUN_STANDARD

[Global flags]
     intx CICompilerCount                          = 4                                         {product} {ergonomic}
     uint ConcGCThreads                            = 3                                         {product} {ergonomic}
     uint G1ConcRefinementThreads                  = 10                                        {product} {ergonomic}
   size_t G1HeapRegionSize                         = 2097152                                   {product} {ergonomic}
   size_t InitialHeapSize                          = 264241152                                 {product} {ergonomic}
   size_t MarkStackSize                            = 4194304                                   {product} {ergonomic}
   size_t MarkStackSizeMax                         = 536870912                                 {product} {ergonomic}
   size_t MaxHeapSize                              = 4223664128                                {product} {ergonomic}
   size_t MaxNewSize                               = 2533359616                                {product} {ergonomic}
   size_t MinHeapDeltaBytes                        = 2097152                                   {product} {ergonomic}
   size_t MinHeapSize                              = 8388608                                   {product} {ergonomic}
    uintx NonNMethodCodeHeapSize                   = 5832704                                {pd product} {ergonomic}
    uintx NonProfiledCodeHeapSize                  = 122945536                              {pd product} {ergonomic}
    uintx ProfiledCodeHeapSize                     = 122880000                              {pd product} {ergonomic}
    uintx ReservedCodeCacheSize                    = 251658240                              {pd product} {ergonomic}
     bool SegmentedCodeCache                       = true                                      {product} {ergonomic}
   size_t SoftMaxHeapSize                          = 4223664128                             {manageable} {ergonomic}
     bool UseCompressedOops                        = true                           {product lp64_product} {ergonomic}
     bool UseG1GC                                  = true                                      {product} {ergonomic}
     bool UseLargePagesIndividualAllocation        = false                                  {pd product} {ergonomic}

Logging:
Log output configuration:
 #0: stdout all=warning uptime,level,tags foldmultilines=false
 #1: stderr all=off uptime,level,tags foldmultilines=false

Environment Variables:
PATH=C:\Windows\system32;C:\Windows;C:\Windows\System32\Wbem;C:\Windows\System32\WindowsPowerShell\v1.0\;C:\Windows\System32\OpenSSH\;C:\Program Files (x86)\NVIDIA Corporation\PhysX\Common;C:\WINDOWS\system32;C:\WINDOWS;C:\WINDOWS\System32\Wbem;C:\WINDOWS\System32\WindowsPowerShell\v1.0\;C:\WINDOWS\System32\OpenSSH\;C:\Program Files\Git\cmd;C:\Program Files\dotnet\;C:\Program Files\NVIDIA Corporation\NVIDIA App\NvDLISR;C:\Users\javie\AppData\Local\Microsoft\WindowsApps;
USERNAME=javie
OS=Windows_NT
PROCESSOR_IDENTIFIER=Intel64 Family 6 Model 141 Stepping 1, GenuineIntel
TMP=C:\Users\javie\AppData\Local\Temp
TEMP=C:\Users\javie\AppData\Local\Temp




Periodic native trim disabled

---------------  S Y S T E M  ---------------

OS:
 Windows 11 , 64 bit Build 26100 (10.0.26100.3775)
OS uptime: 0 days 18:27 hours
Hyper-V role detected

CPU: total 12 (initial active 12) (6 cores per cpu, 2 threads per core) family 6 model 141 stepping 1 microcode 0x50, cx8, cmov, fxsr, ht, mmx, 3dnowpref, sse, sse2, sse3, ssse3, sse4.1, sse4.2, popcnt, lzcnt, tsc, tscinvbit, avx, avx2, aes, erms, clmul, bmi1, bmi2, adx, avx512f, avx512dq, avx512cd, avx512bw, avx512vl, sha, fma, vzeroupper, avx512_vpopcntdq, avx512_vpclmulqdq, avx512_vaes, avx512_vnni, clflush, clflushopt, clwb, avx512_vbmi2, avx512_vbmi, hv, rdtscp, rdpid, fsrm, gfni, avx512_bitalg, f16c, cet_ibt, cet_ss, avx512_ifma
Processor Information for the first 12 processors :
  Max Mhz: 2688, Current Mhz: 2688, Mhz Limit: 2688

Memory: 4k page, system-wide physical 16106M (3148M free)
TotalPageFile size 21226M (AvailPageFile size 1357M)
current process WorkingSet (physical memory assigned to process): 57M, peak: 58M
current process commit charge ("private bytes"): 363M, peak: 366M

vm_info: OpenJDK 64-Bit Server VM (24+36-3646) for windows-amd64 JRE (24+36-3646), built on 2025-02-06T00:20:43Z with MS VC++ 17.6 (VS2022)

END.
